2025-07-17 21:23:29,776 - __main__ - INFO - Starting Geo MIDI Sequencer...
2025-07-17 21:23:30,678 - __main__ - INFO - Available MIDI ports: []
2025-07-17 21:23:30,679 - __main__ - INFO - Created virtual MIDI port: 'Geo Sequencer'
2025-07-17 21:23:30,679 - __main__ - INFO - Connecting to WebSocket: ws://localhost:8000/ws
2025-07-17 21:23:30,708 - __main__ - INFO - Successfully connected to coordinate stream
2025-07-17 21:23:30,708 - __main__ - INFO - [0001] Lat: -38.043 → Note: C5 (72) | Lon:   -9.834 → Vel:  93 | Scale: pentatonic
2025-07-17 21:23:35,711 - __main__ - INFO - [0002] Lat: -49.031 → Note: A4 (69) | Lon: -178.751 → Vel:  64 | Scale: pentatonic
2025-07-17 21:23:40,710 - __main__ - INFO - [0003] Lat: -15.825 → Note: G5 (79) | Lon: -171.043 → Vel:  65 | Scale: pentatonic
2025-07-17 21:23:45,711 - __main__ - INFO - [0004] Lat: -54.920 → Note: G4 (67) | Lon: -111.647 → Vel:  75 | Scale: pentatonic
2025-07-17 21:23:50,710 - __main__ - INFO - [0005] Lat:  61.927 → Note: D7 (98) | Lon: -150.354 → Vel:  69 | Scale: pentatonic
2025-07-17 21:23:55,710 - __main__ - INFO - [0006] Lat: -74.981 → Note: D4 (62) | Lon:   -4.833 → Vel:  94 | Scale: pentatonic
2025-07-17 21:24:00,712 - __main__ - INFO - [0007] Lat: -33.925 → Note: D5 (74) | Lon:  -18.312 → Vel:  92 | Scale: pentatonic
2025-07-17 21:24:05,712 - __main__ - INFO - [0008] Lat:  55.840 → Note: D7 (98) | Lon:   50.271 → Vel: 104 | Scale: pentatonic
2025-07-17 21:24:10,712 - __main__ - INFO - [0009] Lat:  61.571 → Note: D7 (98) | Lon:   52.193 → Vel: 104 | Scale: pentatonic
2025-07-17 21:24:15,714 - __main__ - INFO - [0010] Lat:  20.001 → Note: E6 (88) | Lon:   46.336 → Vel: 103 | Scale: pentatonic
2025-07-17 21:24:20,715 - __main__ - INFO - [0011] Lat:   5.583 → Note: C6 (84) | Lon:   85.753 → Vel: 110 | Scale: pentatonic
2025-07-17 21:24:25,716 - __main__ - INFO - [0012] Lat:  43.073 → Note: A6 (93) | Lon:  -86.361 → Vel:  80 | Scale: pentatonic
2025-07-17 21:24:30,716 - __main__ - INFO - [0013] Lat:   5.778 → Note: C6 (84) | Lon:  -18.856 → Vel:  92 | Scale: pentatonic
2025-07-17 21:24:35,717 - __main__ - INFO - [0014] Lat: -67.752 → Note: E4 (64) | Lon: -160.543 → Vel:  67 | Scale: pentatonic
2025-07-17 21:24:40,718 - __main__ - INFO - [0015] Lat:  42.873 → Note: A6 (93) | Lon:   66.374 → Vel: 107 | Scale: pentatonic
2025-07-17 21:24:45,720 - __main__ - INFO - [0016] Lat:  14.968 → Note: D6 (86) | Lon:  152.765 → Vel: 122 | Scale: pentatonic
2025-07-17 21:24:50,721 - __main__ - INFO - [0017] Lat:  35.812 → Note: G6 (91) | Lon:    7.421 → Vel:  96 | Scale: pentatonic
2025-07-17 21:24:55,116 - __main__ - WARNING - WebSocket connection closed: no close frame received or sent
2025-07-17 21:24:55,117 - __main__ - ERROR - Sequencer error: no close frame received or sent
2025-07-17 21:24:55,117 - __main__ - INFO - MIDI port closed
2025-07-17 21:24:55,118 - __main__ - INFO - WebSocket connection closed
2025-07-17 21:24:55,118 - __main__ - INFO - Sequencer stopped. Total sequences played: 17
